2014-12-22 10:35:56,878 - loghandler - DEBUG - ----- Starting loghandler.createLogger ----- 
2014-12-22 10:35:56,879 - loghandler - DEBUG - app_name    = test1
2014-12-22 10:35:56,880 - loghandler - DEBUG - logfile     = 
2014-12-22 10:35:56,881 - loghandler - DEBUG - log_path    = None
2014-12-22 10:35:56,881 - loghandler - DEBUG - log_level   = 10
2014-12-22 10:35:56,883 - loghandler - DEBUG - screen      = True
2014-12-22 10:35:56,883 - loghandler - DEBUG - debug       = True
2014-12-22 10:35:56,884 - loghandler - DEBUG - Checking log path of 'None'...
2014-12-22 10:35:56,885 - loghandler - DEBUG - log_path set to : './'
2014-12-22 10:35:56,885 - loghandler - DEBUG - Checking app_name of 'test1'...
2014-12-22 10:35:56,886 - loghandler - DEBUG - Instantiating persistent logger...
2014-12-22 10:35:56,886 - loghandler - DEBUG - Setting log level of 10
2014-12-22 10:35:56,886 - loghandler - DEBUG - Creating mandatory null handler...
2014-12-22 10:35:56,886 - loghandler - DEBUG - Setting log formatter...
2014-12-22 10:35:56,887 - loghandler - DEBUG - Creating logfile handler: ./test1.log
2014-12-22 10:35:56,887 - loghandler - DEBUG - Creating STDOUT handler: 
2014-12-22 10:35:56,888 - loghandler - DEBUG - Adding handlers to logger...
2014-12-22 10:35:56,891 - loghandler - DEBUG - debug = True
2014-12-22 10:37:03,276 - loghandler - DEBUG - ----- Starting loghandler.createLogger ----- 
2014-12-22 10:37:03,277 - loghandler - DEBUG - app_name    = test1
2014-12-22 10:37:03,278 - loghandler - DEBUG - logfile     = 
2014-12-22 10:37:03,279 - loghandler - DEBUG - log_path    = None
2014-12-22 10:37:03,279 - loghandler - DEBUG - log_level   = 10
2014-12-22 10:37:03,280 - loghandler - DEBUG - screen      = True
2014-12-22 10:37:03,281 - loghandler - DEBUG - debug       = True
2014-12-22 10:37:03,282 - loghandler - DEBUG - Checking log path of 'None'...
2014-12-22 10:37:03,283 - loghandler - DEBUG - log_path set to : './'
2014-12-22 10:37:03,284 - loghandler - DEBUG - Checking app_name of 'test1'...
2014-12-22 10:37:03,285 - loghandler - DEBUG - Instantiating persistent logger...
2014-12-22 10:37:03,286 - loghandler - DEBUG - Setting log level of 10
2014-12-22 10:37:03,287 - loghandler - DEBUG - Creating mandatory null handler...
2014-12-22 10:37:03,288 - loghandler - DEBUG - Setting log formatter...
2014-12-22 10:37:03,289 - loghandler - DEBUG - Creating logfile handler: ./test1.log
2014-12-22 10:37:03,291 - loghandler - DEBUG - Creating STDOUT handler: 
2014-12-22 10:37:03,292 - loghandler - DEBUG - Adding handlers to logger...
2014-12-22 10:37:11,446 - loghandler - DEBUG - ----- Starting loghandler.createLogger ----- 
2014-12-22 10:37:11,447 - loghandler - DEBUG - app_name    = test1
2014-12-22 10:37:11,447 - loghandler - DEBUG - logfile     = 
2014-12-22 10:37:11,449 - loghandler - DEBUG - log_path    = None
2014-12-22 10:37:11,449 - loghandler - DEBUG - log_level   = 10
2014-12-22 10:37:11,449 - loghandler - DEBUG - screen      = True
2014-12-22 10:37:11,450 - loghandler - DEBUG - debug       = True
2014-12-22 10:37:11,450 - loghandler - DEBUG - Checking log path of 'None'...
2014-12-22 10:37:11,451 - loghandler - DEBUG - log_path set to : './'
2014-12-22 10:37:11,451 - loghandler - DEBUG - Checking app_name of 'test1'...
2014-12-22 10:37:11,451 - loghandler - DEBUG - Instantiating persistent logger...
2014-12-22 10:37:11,452 - loghandler - DEBUG - Setting log level of 10
2014-12-22 10:37:11,452 - loghandler - DEBUG - Creating mandatory null handler...
2014-12-22 10:37:11,452 - loghandler - DEBUG - Setting log formatter...
2014-12-22 10:37:11,453 - loghandler - DEBUG - Creating logfile handler: ./test1.log
2014-12-22 10:37:11,453 - loghandler - DEBUG - Creating STDOUT handler: 
2014-12-22 10:37:11,453 - loghandler - DEBUG - Adding handlers to logger...
2014-12-22 10:37:40,847 - loghandler - DEBUG - ----- Starting loghandler.createLogger ----- 
2014-12-22 10:37:40,848 - loghandler - DEBUG - app_name    = test1
2014-12-22 10:37:40,848 - loghandler - DEBUG - logfile     = 
2014-12-22 10:37:40,849 - loghandler - DEBUG - log_path    = None
2014-12-22 10:37:40,849 - loghandler - DEBUG - log_level   = 10
2014-12-22 10:37:40,849 - loghandler - DEBUG - screen      = True
2014-12-22 10:37:40,850 - loghandler - DEBUG - debug       = True
2014-12-22 10:37:40,850 - loghandler - DEBUG - Checking log path of 'None'...
2014-12-22 10:37:40,850 - loghandler - DEBUG - log_path set to : './'
2014-12-22 10:37:40,850 - loghandler - DEBUG - Checking app_name of 'test1'...
2014-12-22 10:37:40,851 - loghandler - DEBUG - Instantiating persistent logger...
2014-12-22 10:37:40,851 - loghandler - DEBUG - Setting log level of 10
2014-12-22 10:37:40,851 - loghandler - DEBUG - Creating mandatory null handler...
2014-12-22 10:37:40,852 - loghandler - DEBUG - Setting log formatter...
2014-12-22 10:37:40,852 - loghandler - DEBUG - Creating logfile handler: ./test1.log
2014-12-22 10:37:40,853 - loghandler - DEBUG - Creating STDOUT handler: 
2014-12-22 10:37:40,853 - loghandler - DEBUG - Adding handlers to logger...
2014-12-22 10:40:03,063 - loghandler - DEBUG - ----- Starting loghandler.createLogger ----- 
2014-12-22 10:40:03,064 - loghandler - DEBUG - app_name    = test1
2014-12-22 10:40:03,064 - loghandler - DEBUG - logfile     = 
2014-12-22 10:40:03,065 - loghandler - DEBUG - log_path    = None
2014-12-22 10:40:03,065 - loghandler - DEBUG - log_level   = 10
2014-12-22 10:40:03,065 - loghandler - DEBUG - screen      = True
2014-12-22 10:40:03,066 - loghandler - DEBUG - debug       = True
2014-12-22 10:40:03,066 - loghandler - DEBUG - Checking log path of 'None'...
2014-12-22 10:40:03,066 - loghandler - DEBUG - log_path set to : './'
2014-12-22 10:40:03,066 - loghandler - DEBUG - Checking app_name of 'test1'...
2014-12-22 10:40:03,067 - loghandler - DEBUG - Instantiating persistent logger...
2014-12-22 10:40:03,067 - loghandler - DEBUG - Setting log level of 10
2014-12-22 10:40:03,068 - loghandler - DEBUG - Creating mandatory null handler...
2014-12-22 10:40:03,068 - loghandler - DEBUG - Setting log formatter...
2014-12-22 10:40:03,068 - loghandler - DEBUG - Creating logfile handler: ./test1.log
2014-12-22 10:40:03,069 - loghandler - DEBUG - Creating STDOUT handler: 
2014-12-22 10:40:03,070 - loghandler - DEBUG - Adding handlers to logger...
2014-12-22 10:40:03,074 - loghandler - DEBUG - Retaining errorLogger temp log file ./loghandler.error.log
2014-12-22 10:40:03,074 - loghandler - DEBUG - errorlogger.errorLogger object terminated
