2015-01-12 00:06:53,066 - configparser - INFO - Logger started at  './configparser.log' with screendump: True.
2015-01-12 00:06:53,066 - configparser - DEBUG - ConfigHandler called with ../etc/MRAT.conf
2015-01-12 00:06:53,067 - configparser - DEBUG - Verfiying ../etc/MRAT.conf
2015-01-12 00:06:53,068 - configparser - DEBUG - Opening ../etc/MRAT.conf
2015-01-12 00:06:53,085 - configparser - DEBUG - Loading section: APPLICATION_LOGGING
2015-01-12 00:07:41,546 - configparser - INFO - Logger started at  './configparser.log' with screendump: True.
2015-01-12 00:07:41,547 - configparser - DEBUG - ConfigHandler called with ../etc/MRAT.conf
2015-01-12 00:07:41,547 - configparser - DEBUG - Verfiying ../etc/MRAT.conf
2015-01-12 00:07:41,548 - configparser - DEBUG - Opening ../etc/MRAT.conf
2015-01-12 00:07:41,549 - configparser - DEBUG - Loading section: APPLICATION_LOGGING
2015-01-12 00:10:07,588 - configparser - INFO - Logger started at  './configparser.log' with screendump: True.
2015-01-12 00:10:07,588 - configparser - DEBUG - ConfigHandler called with ../etc/MRAT.conf
2015-01-12 00:10:07,589 - configparser - DEBUG - Verfiying ../etc/MRAT.conf
2015-01-12 00:10:07,589 - configparser - DEBUG - Opening ../etc/MRAT.conf
2015-01-12 00:10:07,591 - configparser - DEBUG - Loading section: APPLICATION_LOGGING
2015-01-12 00:10:07,592 - configparser - INFO - Logger started at  './configparser.log' with screendump: True.
2015-01-12 00:14:55,099 - configparser - INFO - Logger started at  './configparser.log' with screendump: True.
2015-01-12 00:14:55,099 - configparser - DEBUG - ConfigHandler called with ../etc/MRAT.conf
2015-01-12 00:14:55,099 - configparser - DEBUG - Verfiying ../etc/MRAT.conf
2015-01-12 00:14:55,100 - configparser - DEBUG - Opening ../etc/MRAT.conf
2015-01-12 00:14:55,101 - configparser - DEBUG - Loading section: APPLICATION_LOGGING
2015-01-12 00:14:55,101 - configparser - DEBUG - Attempting to change logfile from './configparser.log' to '/shared/GitHub/Tesera/MRAT_Refactor/log//MRATrefactor'. 
2015-01-12 00:14:55,104 - configparser - INFO - Logger started at  '/shared/GitHub/Tesera/MRAT_Refactor/log/MRATrefactor.log' with screendump: True.
2015-01-12 00:14:55,105 - configparser - INFO - Logfile migrated to '/shared/GitHub/Tesera/MRAT_Refactor/log/MRATrefactor.log'. 
2015-01-12 00:17:39,124 - configparser - INFO - Logger started at  './configparser.log' with screendump: True.
2015-01-12 00:17:39,124 - configparser - DEBUG - ConfigHandler called with ../etc/MRAT.conf
2015-01-12 00:17:39,125 - configparser - DEBUG - Verfiying ../etc/MRAT.conf
2015-01-12 00:17:39,125 - configparser - DEBUG - Opening ../etc/MRAT.conf
2015-01-12 00:17:39,129 - configparser - DEBUG - Loading section: APPLICATION_LOGGING
2015-01-12 00:17:39,131 - configparser - DEBUG - Attempting to change logfile from './configparser.log' to '/shared/GitHub/Tesera/MRAT_Refactor/log//MRATrefactor'. 
2015-01-12 00:17:39,134 - configparser - INFO - Logger started at  '/shared/GitHub/Tesera/MRAT_Refactor/log/MRATrefactor.log' with screendump: True.
2015-01-12 00:17:39,135 - configparser - INFO - Logfile migrated to '/shared/GitHub/Tesera/MRAT_Refactor/log/MRATrefactor.log'. 
2015-01-12 00:19:00,948 - configparser - INFO - Logger started at  './configparser.log' with screendump: True.
2015-01-12 00:19:00,949 - configparser - DEBUG - ConfigHandler called with ../etc/MRAT.conf
2015-01-12 00:19:00,949 - configparser - DEBUG - Verfiying ../etc/MRAT.conf
2015-01-12 00:19:00,949 - configparser - DEBUG - Opening ../etc/MRAT.conf
2015-01-12 00:19:00,951 - configparser - DEBUG - Loading section: APPLICATION_LOGGING
2015-01-12 00:19:00,951 - configparser - DEBUG - Attempting to change logfile from './configparser.log' to '/shared/GitHub/Tesera/MRAT_Refactor/log//MRATrefactor.log'. 
2015-01-12 00:19:00,954 - configparser - INFO - Logger started at  '/shared/GitHub/Tesera/MRAT_Refactor/log/MRATrefactor.log' with screendump: True.
2015-01-12 00:19:00,954 - configparser - INFO - Logfile migrated to '/shared/GitHub/Tesera/MRAT_Refactor/log/MRATrefactor.log'. 
2015-01-12 00:19:25,606 - configparser - INFO - Logger started at  './configparser.log' with screendump: True.
2015-01-12 00:19:25,610 - configparser - INFO - Logger started at  '/shared/GitHub/Tesera/MRAT_Refactor/log/MRATrefactor.log' with screendump: True.
2015-01-12 00:19:25,611 - configparser - INFO - Logfile migrated to '/shared/GitHub/Tesera/MRAT_Refactor/log/MRATrefactor.log'. 
2015-01-12 00:34:42,934 - configparser - INFO - Logger started at  './configparser.log' with screendump: True.
2015-01-12 00:34:42,940 - configparser - INFO - Logger started at  '/shared/GitHub/Tesera/MRAT_Refactor/log/MRATrefactor.log' with screendump: True.
2015-01-12 00:34:42,940 - configparser - INFO - Logfile migrated to '/shared/GitHub/Tesera/MRAT_Refactor/log/MRATrefactor.log'. 
2015-01-12 00:34:42,942 - MRATrefactor - INFO - Logger started at  '/shared/GitHub/Tesera/MRAT_Refactor/log/MRATrefactor.log' with screendump: True.
